<?xml version="1.0" encoding="UTF-8"?>
<testsuite name="thomasmillergb.repository.GitHubRepoTest" tests="3" skipped="0" failures="0" errors="0" timestamp="2019-07-27T23:40:48" hostname="UKMLC464JG5H" time="0.073">
  <properties/>
  <testcase name="saveRepo3AndGetStar2InOrder()" classname="thomasmillergb.repository.GitHubRepoTest" time="0.041"/>
  <testcase name="saveRepo2AndGetStar2InOrder()" classname="thomasmillergb.repository.GitHubRepoTest" time="0.016"/>
  <testcase name="saveRepoAndGetStar()" classname="thomasmillergb.repository.GitHubRepoTest" time="0.014"/>
  <system-out><![CDATA[2019-07-28 00:40:45 [Test worker] INFO  o.s.t.c.s.DefaultTestContextBootstrapper - Neither @ContextConfiguration nor @ContextHierarchy found for test class [thomasmillergb.repository.GitHubRepoTest], using DelegatingSmartContextLoader
2019-07-28 00:40:45 [Test worker] INFO  o.s.t.c.s.AbstractContextLoader - Could not detect default resource locations for test class [thomasmillergb.repository.GitHubRepoTest]: no resource found for suffixes {-context.xml}.
2019-07-28 00:40:45 [Test worker] INFO  o.s.t.c.s.AnnotationConfigContextLoaderUtils - Could not detect default configuration classes for test class [thomasmillergb.repository.GitHubRepoTest]: GitHubRepoTest does not declare any static, non-private, non-final, nested classes annotated with @Configuration.
2019-07-28 00:40:45 [Test worker] INFO  o.s.t.c.s.DefaultTestContextBootstrapper - Loaded default TestExecutionListener class names from location [META-INF/spring.factories]: [org.springframework.boot.test.autoconfigure.restdocs.RestDocsTestExecutionListener, org.springframework.boot.test.autoconfigure.web.client.MockRestServiceServerResetTestExecutionListener, org.springframework.boot.test.autoconfigure.web.servlet.MockMvcPrintOnlyOnFailureTestExecutionListener, org.springframework.boot.test.autoconfigure.web.servlet.WebDriverTestExecutionListener, org.springframework.boot.test.mock.mockito.MockitoTestExecutionListener, org.springframework.boot.test.mock.mockito.ResetMocksTestExecutionListener, org.springframework.test.context.web.ServletTestExecutionListener, org.springframework.test.context.support.DirtiesContextBeforeModesTestExecutionListener, org.springframework.test.context.support.DependencyInjectionTestExecutionListener, org.springframework.test.context.support.DirtiesContextTestExecutionListener, org.springframework.test.context.transaction.TransactionalTestExecutionListener, org.springframework.test.context.jdbc.SqlScriptsTestExecutionListener]
2019-07-28 00:40:45 [Test worker] INFO  o.s.t.c.s.DefaultTestContextBootstrapper - Using TestExecutionListeners: [org.springframework.test.context.web.ServletTestExecutionListener@6d5fba9e, org.springframework.test.context.support.DirtiesContextBeforeModesTestExecutionListener@78de34a9, org.springframework.boot.test.mock.mockito.MockitoTestExecutionListener@232dc442, org.springframework.test.context.support.DependencyInjectionTestExecutionListener@193e43e3, org.springframework.test.context.support.DirtiesContextTestExecutionListener@9a58110, org.springframework.test.context.transaction.TransactionalTestExecutionListener@d787f1, org.springframework.test.context.jdbc.SqlScriptsTestExecutionListener@4d155c7d, org.springframework.boot.test.autoconfigure.restdocs.RestDocsTestExecutionListener@26df3f67, org.springframework.boot.test.autoconfigure.web.client.MockRestServiceServerResetTestExecutionListener@35797ad, org.springframework.boot.test.autoconfigure.web.servlet.MockMvcPrintOnlyOnFailureTestExecutionListener@3f037039, org.springframework.boot.test.autoconfigure.web.servlet.WebDriverTestExecutionListener@58922510, org.springframework.boot.test.mock.mockito.ResetMocksTestExecutionListener@7691d62]
2019-07-28 00:40:46 [Test worker] INFO  o.s.c.s.PostProcessorRegistrationDelegate$BeanPostProcessorChecker - Bean 'org.springframework.transaction.annotation.ProxyTransactionManagementConfiguration' of type [org.springframework.transaction.annotation.ProxyTransactionManagementConfiguration$$EnhancerBySpringCGLIB$$3e15b777] is not eligible for getting processed by all BeanPostProcessors (for example: not eligible for auto-proxying)
2019-07-28 00:40:46 [Test worker] INFO  o.f.c.i.license.VersionPrinter - Flyway Community Edition 5.2.4 by Boxfuse
2019-07-28 00:40:46 [Test worker] INFO  com.zaxxer.hikari.HikariDataSource - HikariPool-1 - Starting...
2019-07-28 00:40:46 [Test worker] INFO  com.zaxxer.hikari.HikariDataSource - HikariPool-1 - Start completed.
2019-07-28 00:40:46 [Test worker] INFO  o.f.c.i.database.DatabaseFactory - Database: jdbc:sqlserver://localhost:1433;useBulkCopyForBatchInsert=false;cancelQueryTimeout=-1;sslProtocol=TLS;jaasConfigurationName=SQLJDBCDriver;statementPoolingCacheSize=0;serverPreparedStatementDiscardThreshold=10;enablePrepareOnFirstPreparedStatementCall=false;fips=false;socketTimeout=0;authentication=NotSpecified;authenticationScheme=nativeAuthentication;xopenStates=false;sendTimeAsDatetime=true;trustStoreType=JKS;trustServerCertificate=false;TransparentNetworkIPResolution=true;serverNameAsACE=false;sendStringParametersAsUnicode=true;selectMethod=direct;responseBuffering=adaptive;queryTimeout=-1;packetSize=8000;multiSubnetFailover=false;loginTimeout=30;lockTimeout=-1;lastUpdateCount=true;encrypt=false;disableStatementPooling=true;columnEncryptionSetting=Disabled;applicationName=Microsoft JDBC Driver for SQL Server;applicationIntent=readwrite; (Microsoft SQL Server 14.0)
2019-07-28 00:40:47 [Test worker] INFO  o.f.core.internal.command.DbValidate - Successfully validated 1 migration (execution time 00:00.020s)
2019-07-28 00:40:47 [Test worker] INFO  o.f.core.internal.command.DbMigrate - Current version of schema [dbo]: 1
2019-07-28 00:40:47 [Test worker] INFO  o.f.core.internal.command.DbMigrate - Schema [dbo] is up to date. No migration necessary.
2019-07-28 00:40:47 [Test worker] INFO  o.h.validator.internal.util.Version - HV000001: Hibernate Validator 6.0.13.Final
]]></system-out>
  <system-err><![CDATA[]]></system-err>
</testsuite>
